<?xml version="1.0" encoding="UTF-8"?>
<testng-results skipped="0" failed="0" ignored="0" total="1" passed="1">
  <reporter-output>
  </reporter-output>
  <suite name="Surefire suite" duration-ms="499" started-at="2020-06-16T21:36:21 CDT" finished-at="2020-06-16T21:36:22 CDT">
    <groups>
    </groups>
    <test name="Surefire test" duration-ms="499" started-at="2020-06-16T21:36:21 CDT" finished-at="2020-06-16T21:36:22 CDT">
      <class name="Cucumber.Automation.AppTest">
        <test-method status="PASS" signature="testApp()" name="testApp" duration-ms="14" started-at="2020-06-16T21:36:22 CDT" finished-at="2020-06-16T21:36:22 CDT">
          <reporter-output>
          </reporter-output>
        </test-method> <!-- testApp -->
      </class> <!-- Cucumber.Automation.AppTest -->
    </test> <!-- Surefire test -->
  </suite> <!-- Surefire suite -->
</testng-results>
